# JRE version: OpenJDK Runtime Environment (17.0.11) (build 17.0.11+0--11852314)
# Java VM: OpenJDK 64-Bit Server VM (17.0.11+0--11852314, mixed mode, tiered, compressed oops, compressed class ptrs, g1 gc, windows-amd64)
GC Precious Log:
 CPUs: 12 total, 12 available
 Memory: 16191M
 Large Page Support: Disabled
 NUMA Support: Disabled
 Compressed Oops: Enabled (32-bit)
 Heap Region Size: 1M
 Heap Min Capacity: 8M
 Heap Initial Capacity: 254M
 Heap Max Capacity: 2G
 Pre-touch: Disabled
 Parallel Workers: 10
 Concurrent Workers: 3
 Concurrent Refinement Workers: 10
 Periodic GC: Disabled
Heap:
 garbage-first heap   total 150528K, used 83101K [0x0000000080000000, 0x0000000100000000)
  region size 1024K, 7 young (7168K), 6 survivors (6144K)
 Metaspace       used 72363K, committed 73024K, reserved 1114112K
  class space    used 10086K, committed 10368K, reserved 1048576K
GC Heap History (20 events):
Event: 6.240 GC heap before
{Heap before GC invocations=16 (full 0):
 garbage-first heap   total 91136K, used 71269K [0x0000000080000000, 0x0000000100000000)
  region size 1024K, 25 young (25600K), 4 survivors (4096K)
 Metaspace       used 50421K, committed 50880K, reserved 1114112K
  class space    used 6831K, committed 7040K, reserved 1048576K
}
Event: 6.243 GC heap after
{Heap after GC invocations=17 (full 0):
 garbage-first heap   total 91136K, used 51040K [0x0000000080000000, 0x0000000100000000)
  region size 1024K, 2 young (2048K), 2 survivors (2048K)
 Metaspace       used 50421K, committed 50880K, reserved 1114112K
  class space    used 6831K, committed 7040K, reserved 1048576K
}
Event: 6.318 GC heap before
{Heap before GC invocations=18 (full 0):
 garbage-first heap   total 92160K, used 55136K [0x0000000080000000, 0x0000000100000000)
  region size 1024K, 7 young (7168K), 2 survivors (2048K)
 Metaspace       used 50535K, committed 51008K, reserved 1114112K
  class space    used 6842K, committed 7040K, reserved 1048576K
}
Event: 6.321 GC heap after
{Heap after GC invocations=19 (full 0):
 garbage-first heap   total 92160K, used 52192K [0x0000000080000000, 0x0000000100000000)
  region size 1024K, 3 young (3072K), 3 survivors (3072K)
 Metaspace       used 50535K, committed 51008K, reserved 1114112K
  class space    used 6842K, committed 7040K, reserved 1048576K
}
Event: 6.418 GC heap before
{Heap before GC invocations=20 (full 0):
 garbage-first heap   total 107520K, used 65504K [0x0000000080000000, 0x0000000100000000)
  region size 1024K, 10 young (10240K), 3 survivors (3072K)
 Metaspace       used 50819K, committed 51328K, reserved 1114112K
  class space    used 6891K, committed 7104K, reserved 1048576K
}
Event: 6.421 GC heap after
{Heap after GC invocations=21 (full 0):
 garbage-first heap   total 107520K, used 62531K [0x0000000080000000, 0x0000000100000000)
  region size 1024K, 3 young (3072K), 3 survivors (3072K)
 Metaspace       used 50819K, committed 51328K, reserved 1114112K
  class space    used 6891K, committed 7104K, reserved 1048576K
}
Event: 6.482 GC heap before
{Heap before GC invocations=22 (full 0):
 garbage-first heap   total 117760K, used 71747K [0x0000000080000000, 0x0000000100000000)
  region size 1024K, 8 young (8192K), 3 survivors (3072K)
 Metaspace       used 51181K, committed 51648K, reserved 1114112K
  class space    used 6916K, committed 7104K, reserved 1048576K
}
Event: 6.485 GC heap after
{Heap after GC invocations=23 (full 0):
 garbage-first heap   total 117760K, used 69649K [0x0000000080000000, 0x0000000100000000)
  region size 1024K, 2 young (2048K), 2 survivors (2048K)
 Metaspace       used 51181K, committed 51648K, reserved 1114112K
  class space    used 6916K, committed 7104K, reserved 1048576K
}
Event: 6.787 GC heap before
{Heap before GC invocations=24 (full 0):
 garbage-first heap   total 124928K, used 87057K [0x0000000080000000, 0x0000000100000000)
  region size 1024K, 17 young (17408K), 2 survivors (2048K)
 Metaspace       used 53283K, committed 53824K, reserved 1114112K
  class space    used 7129K, committed 7360K, reserved 1048576K
}
Event: 6.789 GC heap after
{Heap after GC invocations=25 (full 0):
 garbage-first heap   total 124928K, used 70078K [0x0000000080000000, 0x0000000100000000)
  region size 1024K, 3 young (3072K), 3 survivors (3072K)
 Metaspace       used 53283K, committed 53824K, reserved 1114112K
  class space    used 7129K, committed 7360K, reserved 1048576K
}
Event: 7.125 GC heap before
{Heap before GC invocations=25 (full 0):
 garbage-first heap   total 124928K, used 89534K [0x0000000080000000, 0x0000000100000000)
  region size 1024K, 22 young (22528K), 3 survivors (3072K)
 Metaspace       used 54236K, committed 54848K, reserved 1114112K
  class space    used 7262K, committed 7552K, reserved 1048576K
}
Event: 7.130 GC heap after
{Heap after GC invocations=26 (full 0):
 garbage-first heap   total 150528K, used 70499K [0x0000000080000000, 0x0000000100000000)
  region size 1024K, 2 young (2048K), 2 survivors (2048K)
 Metaspace       used 54236K, committed 54848K, reserved 1114112K
  class space    used 7262K, committed 7552K, reserved 1048576K
}
Event: 7.958 GC heap before
{Heap before GC invocations=27 (full 0):
 garbage-first heap   total 150528K, used 105315K [0x0000000080000000, 0x0000000100000000)
  region size 1024K, 36 young (36864K), 2 survivors (2048K)
 Metaspace       used 59761K, committed 60416K, reserved 1114112K
  class space    used 8468K, committed 8768K, reserved 1048576K
}
Event: 7.962 GC heap after
{Heap after GC invocations=28 (full 0):
 garbage-first heap   total 150528K, used 71428K [0x0000000080000000, 0x0000000100000000)
  region size 1024K, 3 young (3072K), 3 survivors (3072K)
 Metaspace       used 59761K, committed 60416K, reserved 1114112K
  class space    used 8468K, committed 8768K, reserved 1048576K
}
Event: 8.034 GC heap before
{Heap before GC invocations=28 (full 0):
 garbage-first heap   total 150528K, used 75524K [0x0000000080000000, 0x0000000100000000)
  region size 1024K, 7 young (7168K), 3 survivors (3072K)
 Metaspace       used 60331K, committed 60992K, reserved 1114112K
  class space    used 8535K, committed 8832K, reserved 1048576K
}
Event: 8.039 GC heap after
{Heap after GC invocations=29 (full 0):
 garbage-first heap   total 150528K, used 71686K [0x0000000080000000, 0x0000000100000000)
  region size 1024K, 1 young (1024K), 1 survivors (1024K)
 Metaspace       used 60331K, committed 60992K, reserved 1114112K
  class space    used 8535K, committed 8832K, reserved 1048576K
}
Event: 8.775 GC heap before
{Heap before GC invocations=29 (full 0):
 garbage-first heap   total 150528K, used 109574K [0x0000000080000000, 0x0000000100000000)
  region size 1024K, 38 young (38912K), 1 survivors (1024K)
 Metaspace       used 65429K, committed 65984K, reserved 1114112K
  class space    used 9215K, committed 9472K, reserved 1048576K
}
Event: 8.778 GC heap after
{Heap after GC invocations=30 (full 0):
 garbage-first heap   total 150528K, used 72306K [0x0000000080000000, 0x0000000100000000)
  region size 1024K, 2 young (2048K), 2 survivors (2048K)
 Metaspace       used 65429K, committed 65984K, reserved 1114112K
  class space    used 9215K, committed 9472K, reserved 1048576K
}
Event: 9.412 GC heap before
{Heap before GC invocations=31 (full 0):
 garbage-first heap   total 150528K, used 111218K [0x0000000080000000, 0x0000000100000000)
  region size 1024K, 41 young (41984K), 2 survivors (2048K)
 Metaspace       used 71397K, committed 72000K, reserved 1114112K
  class space    used 9982K, committed 10240K, reserved 1048576K
}
Event: 9.418 GC heap after
{Heap after GC invocations=32 (full 0):
 garbage-first heap   total 150528K, used 73090K [0x0000000080000000, 0x0000000100000000)
  region size 1024K, 2 young (2048K), 2 survivors (2048K)
 Metaspace       used 71397K, committed 72000K, reserved 1114112K
  class space    used 9982K, committed 10240K, reserved 1048576K
}

