# JRE version: OpenJDK Runtime Environment (17.0.11) (build 17.0.11+0--11852314)
# Java VM: OpenJDK 64-Bit Server VM (17.0.11+0--11852314, mixed mode, tiered, compressed oops, compressed class ptrs, g1 gc, windows-amd64)
GC Precious Log:
 CPUs: 12 total, 12 available
 Memory: 16191M
 Large Page Support: Disabled
 NUMA Support: Disabled
 Compressed Oops: Enabled (32-bit)
 Heap Region Size: 1M
 Heap Min Capacity: 8M
 Heap Initial Capacity: 254M
 Heap Max Capacity: 2G
 Pre-touch: Disabled
 Parallel Workers: 10
 Concurrent Workers: 3
 Concurrent Refinement Workers: 10
 Periodic GC: Disabled
Heap:
 garbage-first heap   total 209920K, used 104632K [0x0000000080000000, 0x0000000100000000)
  region size 1024K, 4 young (4096K), 4 survivors (4096K)
 Metaspace       used 96473K, committed 97088K, reserved 1179648K
  class space    used 12784K, committed 13056K, reserved 1048576K
GC Heap History (20 events):
Event: 10.637 GC heap after
{Heap after GC invocations=31 (full 0):
 garbage-first heap   total 152576K, used 73119K [0x0000000080000000, 0x0000000100000000)
  region size 1024K, 4 young (4096K), 4 survivors (4096K)
 Metaspace       used 71358K, committed 71936K, reserved 1114112K
  class space    used 9968K, committed 10240K, reserved 1048576K
}
Event: 11.063 GC heap before
{Heap before GC invocations=32 (full 0):
 garbage-first heap   total 152576K, used 124319K [0x0000000080000000, 0x0000000100000000)
  region size 1024K, 47 young (48128K), 4 survivors (4096K)
 Metaspace       used 72379K, committed 73024K, reserved 1114112K
  class space    used 10074K, committed 10368K, reserved 1048576K
}
Event: 11.074 GC heap after
{Heap after GC invocations=33 (full 0):
 garbage-first heap   total 152576K, used 82883K [0x0000000080000000, 0x0000000100000000)
  region size 1024K, 6 young (6144K), 6 survivors (6144K)
 Metaspace       used 72379K, committed 73024K, reserved 1114112K
  class space    used 10074K, committed 10368K, reserved 1048576K
}
Event: 11.450 GC heap before
{Heap before GC invocations=33 (full 0):
 garbage-first heap   total 152576K, used 108483K [0x0000000080000000, 0x0000000100000000)
  region size 1024K, 32 young (32768K), 6 survivors (6144K)
 Metaspace       used 75836K, committed 76480K, reserved 1179648K
  class space    used 10484K, committed 10752K, reserved 1048576K
}
Event: 11.456 GC heap after
{Heap after GC invocations=34 (full 0):
 garbage-first heap   total 152576K, used 85150K [0x0000000080000000, 0x0000000100000000)
  region size 1024K, 2 young (2048K), 2 survivors (2048K)
 Metaspace       used 75836K, committed 76480K, reserved 1179648K
  class space    used 10484K, committed 10752K, reserved 1048576K
}
Event: 11.853 GC heap before
{Heap before GC invocations=35 (full 0):
 garbage-first heap   total 158720K, used 128158K [0x0000000080000000, 0x0000000100000000)
  region size 1024K, 37 young (37888K), 2 survivors (2048K)
 Metaspace       used 79631K, committed 80256K, reserved 1179648K
  class space    used 10877K, committed 11136K, reserved 1048576K
}
Event: 11.857 GC heap after
{Heap after GC invocations=36 (full 0):
 garbage-first heap   total 158720K, used 94447K [0x0000000080000000, 0x0000000100000000)
  region size 1024K, 4 young (4096K), 4 survivors (4096K)
 Metaspace       used 79631K, committed 80256K, reserved 1179648K
  class space    used 10877K, committed 11136K, reserved 1048576K
}
Event: 12.293 GC heap before
{Heap before GC invocations=36 (full 0):
 garbage-first heap   total 158720K, used 128239K [0x0000000080000000, 0x0000000100000000)
  region size 1024K, 37 young (37888K), 4 survivors (4096K)
 Metaspace       used 83875K, committed 84480K, reserved 1179648K
  class space    used 11281K, committed 11520K, reserved 1048576K
}
Event: 12.299 GC heap after
{Heap after GC invocations=37 (full 0):
 garbage-first heap   total 158720K, used 96187K [0x0000000080000000, 0x0000000100000000)
  region size 1024K, 5 young (5120K), 5 survivors (5120K)
 Metaspace       used 83875K, committed 84480K, reserved 1179648K
  class space    used 11281K, committed 11520K, reserved 1048576K
}
Event: 12.831 GC heap before
{Heap before GC invocations=38 (full 0):
 garbage-first heap   total 168960K, used 128955K [0x0000000080000000, 0x0000000100000000)
  region size 1024K, 37 young (37888K), 5 survivors (5120K)
 Metaspace       used 87730K, committed 88320K, reserved 1179648K
  class space    used 11781K, committed 12032K, reserved 1048576K
}
Event: 12.839 GC heap after
{Heap after GC invocations=39 (full 0):
 garbage-first heap   total 168960K, used 98399K [0x0000000080000000, 0x0000000100000000)
  region size 1024K, 4 young (4096K), 4 survivors (4096K)
 Metaspace       used 87730K, committed 88320K, reserved 1179648K
  class space    used 11781K, committed 12032K, reserved 1048576K
}
Event: 12.940 GC heap before
{Heap before GC invocations=39 (full 0):
 garbage-first heap   total 168960K, used 101471K [0x0000000080000000, 0x0000000100000000)
  region size 1024K, 8 young (8192K), 4 survivors (4096K)
 Metaspace       used 88529K, committed 89152K, reserved 1179648K
  class space    used 11911K, committed 12160K, reserved 1048576K
}
Event: 12.947 GC heap after
{Heap after GC invocations=40 (full 0):
 garbage-first heap   total 168960K, used 98967K [0x0000000080000000, 0x0000000100000000)
  region size 1024K, 1 young (1024K), 1 survivors (1024K)
 Metaspace       used 88529K, committed 89152K, reserved 1179648K
  class space    used 11911K, committed 12160K, reserved 1048576K
}
Event: 13.226 GC heap before
{Heap before GC invocations=40 (full 0):
 garbage-first heap   total 168960K, used 112279K [0x0000000080000000, 0x0000000100000000)
  region size 1024K, 15 young (15360K), 1 survivors (1024K)
 Metaspace       used 90235K, committed 90816K, reserved 1179648K
  class space    used 12109K, committed 12352K, reserved 1048576K
}
Event: 13.230 GC heap after
{Heap after GC invocations=41 (full 0):
 garbage-first heap   total 168960K, used 99361K [0x0000000080000000, 0x0000000100000000)
  region size 1024K, 2 young (2048K), 2 survivors (2048K)
 Metaspace       used 90235K, committed 90816K, reserved 1179648K
  class space    used 12109K, committed 12352K, reserved 1048576K
}
Event: 13.621 GC heap before
{Heap before GC invocations=42 (full 0):
 garbage-first heap   total 188416K, used 141345K [0x0000000080000000, 0x0000000100000000)
  region size 1024K, 42 young (43008K), 2 survivors (2048K)
 Metaspace       used 91905K, committed 92480K, reserved 1179648K
  class space    used 12297K, committed 12544K, reserved 1048576K
}
Event: 13.624 GC heap after
{Heap after GC invocations=43 (full 0):
 garbage-first heap   total 188416K, used 101606K [0x0000000080000000, 0x0000000100000000)
  region size 1024K, 4 young (4096K), 4 survivors (4096K)
 Metaspace       used 91905K, committed 92480K, reserved 1179648K
  class space    used 12297K, committed 12544K, reserved 1048576K
}
Event: 13.686 GC heap before
{Heap before GC invocations=43 (full 0):
 garbage-first heap   total 188416K, used 105702K [0x0000000080000000, 0x0000000100000000)
  region size 1024K, 9 young (9216K), 4 survivors (4096K)
 Metaspace       used 92540K, committed 93120K, reserved 1179648K
  class space    used 12370K, committed 12608K, reserved 1048576K
}
Event: 13.691 GC heap after
{Heap after GC invocations=44 (full 0):
 garbage-first heap   total 188416K, used 101497K [0x0000000080000000, 0x0000000100000000)
  region size 1024K, 1 young (1024K), 1 survivors (1024K)
 Metaspace       used 92540K, committed 93120K, reserved 1179648K
  class space    used 12370K, committed 12608K, reserved 1048576K
}
Event: 14.262 GC heap before
{Heap before GC invocations=44 (full 0):
 garbage-first heap   total 188416K, used 153721K [0x0000000080000000, 0x0000000100000000)
  region size 1024K, 52 young (53248K), 1 survivors (1024K)
 Metaspace       used 96473K, committed 97088K, reserved 1179648K
  class space    used 12784K, committed 13056K, reserved 1048576K
}

